<?xml version="1.0" encoding="UTF-8"?>
<!-- Generated by org.testng.reporters.JUnitReportReporter -->
<testsuite hostname="Afsar-PC" name="com.afsar.framework.tests.LoginTest" tests="1" failures="0" timestamp="8 Oct 2017 05:02:30 GMT" time="17.470" errors="0">
  <testcase name="LoginFunctionality" time="17.470" classname="com.afsar.framework.tests.LoginTest"/>
</testsuite> <!-- com.afsar.framework.tests.LoginTest -->
