<?xml version="1.0" encoding="UTF-8"?>
<!-- Generated by org.testng.reporters.JUnitReportReporter -->
<testsuite hostname="Afsar-PC" name="com.afsar.framework.tests.LoginTest" tests="1" failures="0" timestamp="8 Oct 2017 10:18:38 GMT" time="16.189" errors="0">
  <testcase name="LoginFunctionality" time="16.189" classname="com.afsar.framework.tests.LoginTest"/>
</testsuite> <!-- com.afsar.framework.tests.LoginTest -->
