<?xml version="1.0" encoding="UTF-8"?>
<!-- Generated by org.testng.reporters.JUnitReportReporter -->
<testsuite hostname="Afsar-PC" name="com.afsar.framework.tests.LoginTest" tests="3" failures="0" timestamp="27 Nov 2017 17:33:09 GMT" time="45.127" errors="0">
  <testcase name="LoginFunctionality1" time="15.945" classname="com.afsar.framework.tests.LoginTest"/>
  <testcase name="LoginFunctionality2" time="13.550" classname="com.afsar.framework.tests.LoginTest"/>
  <testcase name="LoginFunctionality" time="15.632" classname="com.afsar.framework.tests.LoginTest"/>
</testsuite> <!-- com.afsar.framework.tests.LoginTest -->
